error:- [] Please provide all required fields. Error: Please provide all required fields.
    at C:\Users\Lenovo\Desktop\Project\BikerentalWebsite\backend\Controller\newNotificationSchemaController.js:14:17
    at C:\Users\Lenovo\Desktop\Project\BikerentalWebsite\backend\utils\catchAsync.js:3:9
    at Layer.handle [as handle_request] (C:\Users\Lenovo\Desktop\Project\BikerentalWebsite\backend\node_modules\express\lib\router\layer.js:95:5)
    at next (C:\Users\Lenovo\Desktop\Project\BikerentalWebsite\backend\node_modules\express\lib\router\route.js:149:13)
    at Route.dispatch (C:\Users\Lenovo\Desktop\Project\BikerentalWebsite\backend\node_modules\express\lib\router\route.js:119:3)
    at Layer.handle [as handle_request] (C:\Users\Lenovo\Desktop\Project\BikerentalWebsite\backend\node_modules\express\lib\router\layer.js:95:5)
    at C:\Users\Lenovo\Desktop\Project\BikerentalWebsite\backend\node_modules\express\lib\router\index.js:284:15
    at Function.process_params (C:\Users\Lenovo\Desktop\Project\BikerentalWebsite\backend\node_modules\express\lib\router\index.js:346:12)
    at next (C:\Users\Lenovo\Desktop\Project\BikerentalWebsite\backend\node_modules\express\lib\router\index.js:280:10)
    at Function.handle (C:\Users\Lenovo\Desktop\Project\BikerentalWebsite\backend\node_modules\express\lib\router\index.js:175:3) 2025-10-11 21:29:55 
error:- [] Please provide all required fields. Error: Please provide all required fields.
    at C:\Users\Lenovo\Desktop\Project\BikerentalWebsite\backend\Controller\newNotificationSchemaController.js:14:17
    at C:\Users\Lenovo\Desktop\Project\BikerentalWebsite\backend\utils\catchAsync.js:3:9
    at Layer.handle [as handle_request] (C:\Users\Lenovo\Desktop\Project\BikerentalWebsite\backend\node_modules\express\lib\router\layer.js:95:5)
    at next (C:\Users\Lenovo\Desktop\Project\BikerentalWebsite\backend\node_modules\express\lib\router\route.js:149:13)
    at Route.dispatch (C:\Users\Lenovo\Desktop\Project\BikerentalWebsite\backend\node_modules\express\lib\router\route.js:119:3)
    at Layer.handle [as handle_request] (C:\Users\Lenovo\Desktop\Project\BikerentalWebsite\backend\node_modules\express\lib\router\layer.js:95:5)
    at C:\Users\Lenovo\Desktop\Project\BikerentalWebsite\backend\node_modules\express\lib\router\index.js:284:15
    at Function.process_params (C:\Users\Lenovo\Desktop\Project\BikerentalWebsite\backend\node_modules\express\lib\router\index.js:346:12)
    at next (C:\Users\Lenovo\Desktop\Project\BikerentalWebsite\backend\node_modules\express\lib\router\index.js:280:10)
    at Function.handle (C:\Users\Lenovo\Desktop\Project\BikerentalWebsite\backend\node_modules\express\lib\router\index.js:175:3) 2025-10-11 21:29:56 
error:- [] Please provide all required fields. Error: Please provide all required fields.
    at C:\Users\Lenovo\Desktop\Project\BikerentalWebsite\backend\Controller\newNotificationSchemaController.js:14:17
    at C:\Users\Lenovo\Desktop\Project\BikerentalWebsite\backend\utils\catchAsync.js:3:9
    at Layer.handle [as handle_request] (C:\Users\Lenovo\Desktop\Project\BikerentalWebsite\backend\node_modules\express\lib\router\layer.js:95:5)
    at next (C:\Users\Lenovo\Desktop\Project\BikerentalWebsite\backend\node_modules\express\lib\router\route.js:149:13)
    at Route.dispatch (C:\Users\Lenovo\Desktop\Project\BikerentalWebsite\backend\node_modules\express\lib\router\route.js:119:3)
    at Layer.handle [as handle_request] (C:\Users\Lenovo\Desktop\Project\BikerentalWebsite\backend\node_modules\express\lib\router\layer.js:95:5)
    at C:\Users\Lenovo\Desktop\Project\BikerentalWebsite\backend\node_modules\express\lib\router\index.js:284:15
    at Function.process_params (C:\Users\Lenovo\Desktop\Project\BikerentalWebsite\backend\node_modules\express\lib\router\index.js:346:12)
    at next (C:\Users\Lenovo\Desktop\Project\BikerentalWebsite\backend\node_modules\express\lib\router\index.js:280:10)
    at Function.handle (C:\Users\Lenovo\Desktop\Project\BikerentalWebsite\backend\node_modules\express\lib\router\index.js:175:3) 2025-10-11 21:29:58 
error:- [] Please provide all required fields. Error: Please provide all required fields.
    at C:\Users\Lenovo\Desktop\Project\BikerentalWebsite\backend\Controller\newNotificationSchemaController.js:14:17
    at C:\Users\Lenovo\Desktop\Project\BikerentalWebsite\backend\utils\catchAsync.js:3:9
    at Layer.handle [as handle_request] (C:\Users\Lenovo\Desktop\Project\BikerentalWebsite\backend\node_modules\express\lib\router\layer.js:95:5)
    at next (C:\Users\Lenovo\Desktop\Project\BikerentalWebsite\backend\node_modules\express\lib\router\route.js:149:13)
    at Route.dispatch (C:\Users\Lenovo\Desktop\Project\BikerentalWebsite\backend\node_modules\express\lib\router\route.js:119:3)
    at Layer.handle [as handle_request] (C:\Users\Lenovo\Desktop\Project\BikerentalWebsite\backend\node_modules\express\lib\router\layer.js:95:5)
    at C:\Users\Lenovo\Desktop\Project\BikerentalWebsite\backend\node_modules\express\lib\router\index.js:284:15
    at Function.process_params (C:\Users\Lenovo\Desktop\Project\BikerentalWebsite\backend\node_modules\express\lib\router\index.js:346:12)
    at next (C:\Users\Lenovo\Desktop\Project\BikerentalWebsite\backend\node_modules\express\lib\router\index.js:280:10)
    at Function.handle (C:\Users\Lenovo\Desktop\Project\BikerentalWebsite\backend\node_modules\express\lib\router\index.js:175:3) 2025-10-11 21:30:01 
error:- [] Please provide all required fields. Error: Please provide all required fields.
    at C:\Users\Lenovo\Desktop\Project\BikerentalWebsite\backend\Controller\newNotificationSchemaController.js:14:17
    at C:\Users\Lenovo\Desktop\Project\BikerentalWebsite\backend\utils\catchAsync.js:3:9
    at Layer.handle [as handle_request] (C:\Users\Lenovo\Desktop\Project\BikerentalWebsite\backend\node_modules\express\lib\router\layer.js:95:5)
    at next (C:\Users\Lenovo\Desktop\Project\BikerentalWebsite\backend\node_modules\express\lib\router\route.js:149:13)
    at Route.dispatch (C:\Users\Lenovo\Desktop\Project\BikerentalWebsite\backend\node_modules\express\lib\router\route.js:119:3)
    at Layer.handle [as handle_request] (C:\Users\Lenovo\Desktop\Project\BikerentalWebsite\backend\node_modules\express\lib\router\layer.js:95:5)
    at C:\Users\Lenovo\Desktop\Project\BikerentalWebsite\backend\node_modules\express\lib\router\index.js:284:15
    at Function.process_params (C:\Users\Lenovo\Desktop\Project\BikerentalWebsite\backend\node_modules\express\lib\router\index.js:346:12)
    at next (C:\Users\Lenovo\Desktop\Project\BikerentalWebsite\backend\node_modules\express\lib\router\index.js:280:10)
    at Function.handle (C:\Users\Lenovo\Desktop\Project\BikerentalWebsite\backend\node_modules\express\lib\router\index.js:175:3) 2025-10-11 21:30:05 
error:- [] Please provide all required fields. Error: Please provide all required fields.
    at C:\Users\Lenovo\Desktop\Project\BikerentalWebsite\backend\Controller\newNotificationSchemaController.js:15:17
    at C:\Users\Lenovo\Desktop\Project\BikerentalWebsite\backend\utils\catchAsync.js:3:9
    at Layer.handle [as handle_request] (C:\Users\Lenovo\Desktop\Project\BikerentalWebsite\backend\node_modules\express\lib\router\layer.js:95:5)
    at next (C:\Users\Lenovo\Desktop\Project\BikerentalWebsite\backend\node_modules\express\lib\router\route.js:149:13)
    at Route.dispatch (C:\Users\Lenovo\Desktop\Project\BikerentalWebsite\backend\node_modules\express\lib\router\route.js:119:3)
    at Layer.handle [as handle_request] (C:\Users\Lenovo\Desktop\Project\BikerentalWebsite\backend\node_modules\express\lib\router\layer.js:95:5)
    at C:\Users\Lenovo\Desktop\Project\BikerentalWebsite\backend\node_modules\express\lib\router\index.js:284:15
    at Function.process_params (C:\Users\Lenovo\Desktop\Project\BikerentalWebsite\backend\node_modules\express\lib\router\index.js:346:12)
    at next (C:\Users\Lenovo\Desktop\Project\BikerentalWebsite\backend\node_modules\express\lib\router\index.js:280:10)
    at Function.handle (C:\Users\Lenovo\Desktop\Project\BikerentalWebsite\backend\node_modules\express\lib\router\index.js:175:3) 2025-10-11 21:32:05 
error:- [] Please provide all required fields. Error: Please provide all required fields.
    at C:\Users\Lenovo\Desktop\Project\BikerentalWebsite\backend\Controller\newNotificationSchemaController.js:15:17
    at C:\Users\Lenovo\Desktop\Project\BikerentalWebsite\backend\utils\catchAsync.js:3:9
    at Layer.handle [as handle_request] (C:\Users\Lenovo\Desktop\Project\BikerentalWebsite\backend\node_modules\express\lib\router\layer.js:95:5)
    at next (C:\Users\Lenovo\Desktop\Project\BikerentalWebsite\backend\node_modules\express\lib\router\route.js:149:13)
    at Route.dispatch (C:\Users\Lenovo\Desktop\Project\BikerentalWebsite\backend\node_modules\express\lib\router\route.js:119:3)
    at Layer.handle [as handle_request] (C:\Users\Lenovo\Desktop\Project\BikerentalWebsite\backend\node_modules\express\lib\router\layer.js:95:5)
    at C:\Users\Lenovo\Desktop\Project\BikerentalWebsite\backend\node_modules\express\lib\router\index.js:284:15
    at Function.process_params (C:\Users\Lenovo\Desktop\Project\BikerentalWebsite\backend\node_modules\express\lib\router\index.js:346:12)
    at next (C:\Users\Lenovo\Desktop\Project\BikerentalWebsite\backend\node_modules\express\lib\router\index.js:280:10)
    at Function.handle (C:\Users\Lenovo\Desktop\Project\BikerentalWebsite\backend\node_modules\express\lib\router\index.js:175:3) 2025-10-11 21:32:06 
error:- [] Please provide all required fields. Error: Please provide all required fields.
    at C:\Users\Lenovo\Desktop\Project\BikerentalWebsite\backend\Controller\newNotificationSchemaController.js:15:17
    at C:\Users\Lenovo\Desktop\Project\BikerentalWebsite\backend\utils\catchAsync.js:3:9
    at Layer.handle [as handle_request] (C:\Users\Lenovo\Desktop\Project\BikerentalWebsite\backend\node_modules\express\lib\router\layer.js:95:5)
    at next (C:\Users\Lenovo\Desktop\Project\BikerentalWebsite\backend\node_modules\express\lib\router\route.js:149:13)
    at Route.dispatch (C:\Users\Lenovo\Desktop\Project\BikerentalWebsite\backend\node_modules\express\lib\router\route.js:119:3)
    at Layer.handle [as handle_request] (C:\Users\Lenovo\Desktop\Project\BikerentalWebsite\backend\node_modules\express\lib\router\layer.js:95:5)
    at C:\Users\Lenovo\Desktop\Project\BikerentalWebsite\backend\node_modules\express\lib\router\index.js:284:15
    at Function.process_params (C:\Users\Lenovo\Desktop\Project\BikerentalWebsite\backend\node_modules\express\lib\router\index.js:346:12)
    at next (C:\Users\Lenovo\Desktop\Project\BikerentalWebsite\backend\node_modules\express\lib\router\index.js:280:10)
    at Function.handle (C:\Users\Lenovo\Desktop\Project\BikerentalWebsite\backend\node_modules\express\lib\router\index.js:175:3) 2025-10-11 21:32:08 
error:- [] Please provide all required fields. Error: Please provide all required fields.
    at C:\Users\Lenovo\Desktop\Project\BikerentalWebsite\backend\Controller\newNotificationSchemaController.js:15:17
    at C:\Users\Lenovo\Desktop\Project\BikerentalWebsite\backend\utils\catchAsync.js:3:9
    at Layer.handle [as handle_request] (C:\Users\Lenovo\Desktop\Project\BikerentalWebsite\backend\node_modules\express\lib\router\layer.js:95:5)
    at next (C:\Users\Lenovo\Desktop\Project\BikerentalWebsite\backend\node_modules\express\lib\router\route.js:149:13)
    at Route.dispatch (C:\Users\Lenovo\Desktop\Project\BikerentalWebsite\backend\node_modules\express\lib\router\route.js:119:3)
    at Layer.handle [as handle_request] (C:\Users\Lenovo\Desktop\Project\BikerentalWebsite\backend\node_modules\express\lib\router\layer.js:95:5)
    at C:\Users\Lenovo\Desktop\Project\BikerentalWebsite\backend\node_modules\express\lib\router\index.js:284:15
    at Function.process_params (C:\Users\Lenovo\Desktop\Project\BikerentalWebsite\backend\node_modules\express\lib\router\index.js:346:12)
    at next (C:\Users\Lenovo\Desktop\Project\BikerentalWebsite\backend\node_modules\express\lib\router\index.js:280:10)
    at Function.handle (C:\Users\Lenovo\Desktop\Project\BikerentalWebsite\backend\node_modules\express\lib\router\index.js:175:3) 2025-10-11 21:32:11 
error:- [] Please provide all required fields. Error: Please provide all required fields.
    at C:\Users\Lenovo\Desktop\Project\BikerentalWebsite\backend\Controller\newNotificationSchemaController.js:15:17
    at C:\Users\Lenovo\Desktop\Project\BikerentalWebsite\backend\utils\catchAsync.js:3:9
    at Layer.handle [as handle_request] (C:\Users\Lenovo\Desktop\Project\BikerentalWebsite\backend\node_modules\express\lib\router\layer.js:95:5)
    at next (C:\Users\Lenovo\Desktop\Project\BikerentalWebsite\backend\node_modules\express\lib\router\route.js:149:13)
    at Route.dispatch (C:\Users\Lenovo\Desktop\Project\BikerentalWebsite\backend\node_modules\express\lib\router\route.js:119:3)
    at Layer.handle [as handle_request] (C:\Users\Lenovo\Desktop\Project\BikerentalWebsite\backend\node_modules\express\lib\router\layer.js:95:5)
    at C:\Users\Lenovo\Desktop\Project\BikerentalWebsite\backend\node_modules\express\lib\router\index.js:284:15
    at Function.process_params (C:\Users\Lenovo\Desktop\Project\BikerentalWebsite\backend\node_modules\express\lib\router\index.js:346:12)
    at next (C:\Users\Lenovo\Desktop\Project\BikerentalWebsite\backend\node_modules\express\lib\router\index.js:280:10)
    at Function.handle (C:\Users\Lenovo\Desktop\Project\BikerentalWebsite\backend\node_modules\express\lib\router\index.js:175:3) 2025-10-11 21:32:15 
error:- [] Please provide all required fields. Error: Please provide all required fields.
    at C:\Users\Lenovo\Desktop\Project\BikerentalWebsite\backend\Controller\newNotificationSchemaController.js:15:17
    at C:\Users\Lenovo\Desktop\Project\BikerentalWebsite\backend\utils\catchAsync.js:3:9
    at Layer.handle [as handle_request] (C:\Users\Lenovo\Desktop\Project\BikerentalWebsite\backend\node_modules\express\lib\router\layer.js:95:5)
    at next (C:\Users\Lenovo\Desktop\Project\BikerentalWebsite\backend\node_modules\express\lib\router\route.js:149:13)
    at Route.dispatch (C:\Users\Lenovo\Desktop\Project\BikerentalWebsite\backend\node_modules\express\lib\router\route.js:119:3)
    at Layer.handle [as handle_request] (C:\Users\Lenovo\Desktop\Project\BikerentalWebsite\backend\node_modules\express\lib\router\layer.js:95:5)
    at C:\Users\Lenovo\Desktop\Project\BikerentalWebsite\backend\node_modules\express\lib\router\index.js:284:15
    at Function.process_params (C:\Users\Lenovo\Desktop\Project\BikerentalWebsite\backend\node_modules\express\lib\router\index.js:346:12)
    at next (C:\Users\Lenovo\Desktop\Project\BikerentalWebsite\backend\node_modules\express\lib\router\index.js:280:10)
    at Function.handle (C:\Users\Lenovo\Desktop\Project\BikerentalWebsite\backend\node_modules\express\lib\router\index.js:175:3) 2025-10-11 21:33:22 
error:- [] Please provide all required fields. Error: Please provide all required fields.
    at C:\Users\Lenovo\Desktop\Project\BikerentalWebsite\backend\Controller\newNotificationSchemaController.js:15:17
    at C:\Users\Lenovo\Desktop\Project\BikerentalWebsite\backend\utils\catchAsync.js:3:9
    at Layer.handle [as handle_request] (C:\Users\Lenovo\Desktop\Project\BikerentalWebsite\backend\node_modules\express\lib\router\layer.js:95:5)
    at next (C:\Users\Lenovo\Desktop\Project\BikerentalWebsite\backend\node_modules\express\lib\router\route.js:149:13)
    at Route.dispatch (C:\Users\Lenovo\Desktop\Project\BikerentalWebsite\backend\node_modules\express\lib\router\route.js:119:3)
    at Layer.handle [as handle_request] (C:\Users\Lenovo\Desktop\Project\BikerentalWebsite\backend\node_modules\express\lib\router\layer.js:95:5)
    at C:\Users\Lenovo\Desktop\Project\BikerentalWebsite\backend\node_modules\express\lib\router\index.js:284:15
    at Function.process_params (C:\Users\Lenovo\Desktop\Project\BikerentalWebsite\backend\node_modules\express\lib\router\index.js:346:12)
    at next (C:\Users\Lenovo\Desktop\Project\BikerentalWebsite\backend\node_modules\express\lib\router\index.js:280:10)
    at Function.handle (C:\Users\Lenovo\Desktop\Project\BikerentalWebsite\backend\node_modules\express\lib\router\index.js:175:3) 2025-10-11 21:33:23 
error:- [] Please provide all required fields. Error: Please provide all required fields.
    at C:\Users\Lenovo\Desktop\Project\BikerentalWebsite\backend\Controller\newNotificationSchemaController.js:15:17
    at C:\Users\Lenovo\Desktop\Project\BikerentalWebsite\backend\utils\catchAsync.js:3:9
    at Layer.handle [as handle_request] (C:\Users\Lenovo\Desktop\Project\BikerentalWebsite\backend\node_modules\express\lib\router\layer.js:95:5)
    at next (C:\Users\Lenovo\Desktop\Project\BikerentalWebsite\backend\node_modules\express\lib\router\route.js:149:13)
    at Route.dispatch (C:\Users\Lenovo\Desktop\Project\BikerentalWebsite\backend\node_modules\express\lib\router\route.js:119:3)
    at Layer.handle [as handle_request] (C:\Users\Lenovo\Desktop\Project\BikerentalWebsite\backend\node_modules\express\lib\router\layer.js:95:5)
    at C:\Users\Lenovo\Desktop\Project\BikerentalWebsite\backend\node_modules\express\lib\router\index.js:284:15
    at Function.process_params (C:\Users\Lenovo\Desktop\Project\BikerentalWebsite\backend\node_modules\express\lib\router\index.js:346:12)
    at next (C:\Users\Lenovo\Desktop\Project\BikerentalWebsite\backend\node_modules\express\lib\router\index.js:280:10)
    at Function.handle (C:\Users\Lenovo\Desktop\Project\BikerentalWebsite\backend\node_modules\express\lib\router\index.js:175:3) 2025-10-11 21:33:25 
error:- [] Please provide all required fields. Error: Please provide all required fields.
    at C:\Users\Lenovo\Desktop\Project\BikerentalWebsite\backend\Controller\newNotificationSchemaController.js:15:17
    at C:\Users\Lenovo\Desktop\Project\BikerentalWebsite\backend\utils\catchAsync.js:3:9
    at Layer.handle [as handle_request] (C:\Users\Lenovo\Desktop\Project\BikerentalWebsite\backend\node_modules\express\lib\router\layer.js:95:5)
    at next (C:\Users\Lenovo\Desktop\Project\BikerentalWebsite\backend\node_modules\express\lib\router\route.js:149:13)
    at Route.dispatch (C:\Users\Lenovo\Desktop\Project\BikerentalWebsite\backend\node_modules\express\lib\router\route.js:119:3)
    at Layer.handle [as handle_request] (C:\Users\Lenovo\Desktop\Project\BikerentalWebsite\backend\node_modules\express\lib\router\layer.js:95:5)
    at C:\Users\Lenovo\Desktop\Project\BikerentalWebsite\backend\node_modules\express\lib\router\index.js:284:15
    at Function.process_params (C:\Users\Lenovo\Desktop\Project\BikerentalWebsite\backend\node_modules\express\lib\router\index.js:346:12)
    at next (C:\Users\Lenovo\Desktop\Project\BikerentalWebsite\backend\node_modules\express\lib\router\index.js:280:10)
    at Function.handle (C:\Users\Lenovo\Desktop\Project\BikerentalWebsite\backend\node_modules\express\lib\router\index.js:175:3) 2025-10-11 21:33:28 
error:- [] Please provide all required fields. Error: Please provide all required fields.
    at C:\Users\Lenovo\Desktop\Project\BikerentalWebsite\backend\Controller\newNotificationSchemaController.js:15:17
    at C:\Users\Lenovo\Desktop\Project\BikerentalWebsite\backend\utils\catchAsync.js:3:9
    at Layer.handle [as handle_request] (C:\Users\Lenovo\Desktop\Project\BikerentalWebsite\backend\node_modules\express\lib\router\layer.js:95:5)
    at next (C:\Users\Lenovo\Desktop\Project\BikerentalWebsite\backend\node_modules\express\lib\router\route.js:149:13)
    at Route.dispatch (C:\Users\Lenovo\Desktop\Project\BikerentalWebsite\backend\node_modules\express\lib\router\route.js:119:3)
    at Layer.handle [as handle_request] (C:\Users\Lenovo\Desktop\Project\BikerentalWebsite\backend\node_modules\express\lib\router\layer.js:95:5)
    at C:\Users\Lenovo\Desktop\Project\BikerentalWebsite\backend\node_modules\express\lib\router\index.js:284:15
    at Function.process_params (C:\Users\Lenovo\Desktop\Project\BikerentalWebsite\backend\node_modules\express\lib\router\index.js:346:12)
    at next (C:\Users\Lenovo\Desktop\Project\BikerentalWebsite\backend\node_modules\express\lib\router\index.js:280:10)
    at Function.handle (C:\Users\Lenovo\Desktop\Project\BikerentalWebsite\backend\node_modules\express\lib\router\index.js:175:3) 2025-10-11 21:33:32 
error:- [] Please provide all required fields. Error: Please provide all required fields.
    at C:\Users\Lenovo\Desktop\Project\BikerentalWebsite\backend\Controller\newNotificationSchemaController.js:15:17
    at C:\Users\Lenovo\Desktop\Project\BikerentalWebsite\backend\utils\catchAsync.js:3:9
    at Layer.handle [as handle_request] (C:\Users\Lenovo\Desktop\Project\BikerentalWebsite\backend\node_modules\express\lib\router\layer.js:95:5)
    at next (C:\Users\Lenovo\Desktop\Project\BikerentalWebsite\backend\node_modules\express\lib\router\route.js:149:13)
    at Route.dispatch (C:\Users\Lenovo\Desktop\Project\BikerentalWebsite\backend\node_modules\express\lib\router\route.js:119:3)
    at Layer.handle [as handle_request] (C:\Users\Lenovo\Desktop\Project\BikerentalWebsite\backend\node_modules\express\lib\router\layer.js:95:5)
    at C:\Users\Lenovo\Desktop\Project\BikerentalWebsite\backend\node_modules\express\lib\router\index.js:284:15
    at Function.process_params (C:\Users\Lenovo\Desktop\Project\BikerentalWebsite\backend\node_modules\express\lib\router\index.js:346:12)
    at next (C:\Users\Lenovo\Desktop\Project\BikerentalWebsite\backend\node_modules\express\lib\router\index.js:280:10)
    at Function.handle (C:\Users\Lenovo\Desktop\Project\BikerentalWebsite\backend\node_modules\express\lib\router\index.js:175:3) 2025-10-11 21:37:25 
error:- [] Please provide all required fields. Error: Please provide all required fields.
    at C:\Users\Lenovo\Desktop\Project\BikerentalWebsite\backend\Controller\newNotificationSchemaController.js:15:17
    at C:\Users\Lenovo\Desktop\Project\BikerentalWebsite\backend\utils\catchAsync.js:3:9
    at Layer.handle [as handle_request] (C:\Users\Lenovo\Desktop\Project\BikerentalWebsite\backend\node_modules\express\lib\router\layer.js:95:5)
    at next (C:\Users\Lenovo\Desktop\Project\BikerentalWebsite\backend\node_modules\express\lib\router\route.js:149:13)
    at Route.dispatch (C:\Users\Lenovo\Desktop\Project\BikerentalWebsite\backend\node_modules\express\lib\router\route.js:119:3)
    at Layer.handle [as handle_request] (C:\Users\Lenovo\Desktop\Project\BikerentalWebsite\backend\node_modules\express\lib\router\layer.js:95:5)
    at C:\Users\Lenovo\Desktop\Project\BikerentalWebsite\backend\node_modules\express\lib\router\index.js:284:15
    at Function.process_params (C:\Users\Lenovo\Desktop\Project\BikerentalWebsite\backend\node_modules\express\lib\router\index.js:346:12)
    at next (C:\Users\Lenovo\Desktop\Project\BikerentalWebsite\backend\node_modules\express\lib\router\index.js:280:10)
    at Function.handle (C:\Users\Lenovo\Desktop\Project\BikerentalWebsite\backend\node_modules\express\lib\router\index.js:175:3) 2025-10-11 21:37:26 
error:- [] Please provide all required fields. Error: Please provide all required fields.
    at C:\Users\Lenovo\Desktop\Project\BikerentalWebsite\backend\Controller\newNotificationSchemaController.js:15:17
    at C:\Users\Lenovo\Desktop\Project\BikerentalWebsite\backend\utils\catchAsync.js:3:9
    at Layer.handle [as handle_request] (C:\Users\Lenovo\Desktop\Project\BikerentalWebsite\backend\node_modules\express\lib\router\layer.js:95:5)
    at next (C:\Users\Lenovo\Desktop\Project\BikerentalWebsite\backend\node_modules\express\lib\router\route.js:149:13)
    at Route.dispatch (C:\Users\Lenovo\Desktop\Project\BikerentalWebsite\backend\node_modules\express\lib\router\route.js:119:3)
    at Layer.handle [as handle_request] (C:\Users\Lenovo\Desktop\Project\BikerentalWebsite\backend\node_modules\express\lib\router\layer.js:95:5)
    at C:\Users\Lenovo\Desktop\Project\BikerentalWebsite\backend\node_modules\express\lib\router\index.js:284:15
    at Function.process_params (C:\Users\Lenovo\Desktop\Project\BikerentalWebsite\backend\node_modules\express\lib\router\index.js:346:12)
    at next (C:\Users\Lenovo\Desktop\Project\BikerentalWebsite\backend\node_modules\express\lib\router\index.js:280:10)
    at Function.handle (C:\Users\Lenovo\Desktop\Project\BikerentalWebsite\backend\node_modules\express\lib\router\index.js:175:3) 2025-10-11 21:37:28 
error:- [] Please provide all required fields. Error: Please provide all required fields.
    at C:\Users\Lenovo\Desktop\Project\BikerentalWebsite\backend\Controller\newNotificationSchemaController.js:15:17
    at C:\Users\Lenovo\Desktop\Project\BikerentalWebsite\backend\utils\catchAsync.js:3:9
    at Layer.handle [as handle_request] (C:\Users\Lenovo\Desktop\Project\BikerentalWebsite\backend\node_modules\express\lib\router\layer.js:95:5)
    at next (C:\Users\Lenovo\Desktop\Project\BikerentalWebsite\backend\node_modules\express\lib\router\route.js:149:13)
    at Route.dispatch (C:\Users\Lenovo\Desktop\Project\BikerentalWebsite\backend\node_modules\express\lib\router\route.js:119:3)
    at Layer.handle [as handle_request] (C:\Users\Lenovo\Desktop\Project\BikerentalWebsite\backend\node_modules\express\lib\router\layer.js:95:5)
    at C:\Users\Lenovo\Desktop\Project\BikerentalWebsite\backend\node_modules\express\lib\router\index.js:284:15
    at Function.process_params (C:\Users\Lenovo\Desktop\Project\BikerentalWebsite\backend\node_modules\express\lib\router\index.js:346:12)
    at next (C:\Users\Lenovo\Desktop\Project\BikerentalWebsite\backend\node_modules\express\lib\router\index.js:280:10)
    at Function.handle (C:\Users\Lenovo\Desktop\Project\BikerentalWebsite\backend\node_modules\express\lib\router\index.js:175:3) 2025-10-11 21:37:31 
error:- [] Please provide all required fields. Error: Please provide all required fields.
    at C:\Users\Lenovo\Desktop\Project\BikerentalWebsite\backend\Controller\newNotificationSchemaController.js:15:17
    at C:\Users\Lenovo\Desktop\Project\BikerentalWebsite\backend\utils\catchAsync.js:3:9
    at Layer.handle [as handle_request] (C:\Users\Lenovo\Desktop\Project\BikerentalWebsite\backend\node_modules\express\lib\router\layer.js:95:5)
    at next (C:\Users\Lenovo\Desktop\Project\BikerentalWebsite\backend\node_modules\express\lib\router\route.js:149:13)
    at Route.dispatch (C:\Users\Lenovo\Desktop\Project\BikerentalWebsite\backend\node_modules\express\lib\router\route.js:119:3)
    at Layer.handle [as handle_request] (C:\Users\Lenovo\Desktop\Project\BikerentalWebsite\backend\node_modules\express\lib\router\layer.js:95:5)
    at C:\Users\Lenovo\Desktop\Project\BikerentalWebsite\backend\node_modules\express\lib\router\index.js:284:15
    at Function.process_params (C:\Users\Lenovo\Desktop\Project\BikerentalWebsite\backend\node_modules\express\lib\router\index.js:346:12)
    at next (C:\Users\Lenovo\Desktop\Project\BikerentalWebsite\backend\node_modules\express\lib\router\index.js:280:10)
    at Function.handle (C:\Users\Lenovo\Desktop\Project\BikerentalWebsite\backend\node_modules\express\lib\router\index.js:175:3) 2025-10-11 21:37:35 
error:- [] Please provide all required fields. Error: Please provide all required fields.
    at C:\Users\Lenovo\Desktop\Project\BikerentalWebsite\backend\Controller\newNotificationSchemaController.js:15:17
    at C:\Users\Lenovo\Desktop\Project\BikerentalWebsite\backend\utils\catchAsync.js:3:9
    at Layer.handle [as handle_request] (C:\Users\Lenovo\Desktop\Project\BikerentalWebsite\backend\node_modules\express\lib\router\layer.js:95:5)
    at next (C:\Users\Lenovo\Desktop\Project\BikerentalWebsite\backend\node_modules\express\lib\router\route.js:149:13)
    at Route.dispatch (C:\Users\Lenovo\Desktop\Project\BikerentalWebsite\backend\node_modules\express\lib\router\route.js:119:3)
    at Layer.handle [as handle_request] (C:\Users\Lenovo\Desktop\Project\BikerentalWebsite\backend\node_modules\express\lib\router\layer.js:95:5)
    at C:\Users\Lenovo\Desktop\Project\BikerentalWebsite\backend\node_modules\express\lib\router\index.js:284:15
    at Function.process_params (C:\Users\Lenovo\Desktop\Project\BikerentalWebsite\backend\node_modules\express\lib\router\index.js:346:12)
    at next (C:\Users\Lenovo\Desktop\Project\BikerentalWebsite\backend\node_modules\express\lib\router\index.js:280:10)
    at Function.handle (C:\Users\Lenovo\Desktop\Project\BikerentalWebsite\backend\node_modules\express\lib\router\index.js:175:3) 2025-10-11 21:37:53 
error:- [] Please provide all required fields. Error: Please provide all required fields.
    at C:\Users\Lenovo\Desktop\Project\BikerentalWebsite\backend\Controller\newNotificationSchemaController.js:15:17
    at C:\Users\Lenovo\Desktop\Project\BikerentalWebsite\backend\utils\catchAsync.js:3:9
    at Layer.handle [as handle_request] (C:\Users\Lenovo\Desktop\Project\BikerentalWebsite\backend\node_modules\express\lib\router\layer.js:95:5)
    at next (C:\Users\Lenovo\Desktop\Project\BikerentalWebsite\backend\node_modules\express\lib\router\route.js:149:13)
    at Route.dispatch (C:\Users\Lenovo\Desktop\Project\BikerentalWebsite\backend\node_modules\express\lib\router\route.js:119:3)
    at Layer.handle [as handle_request] (C:\Users\Lenovo\Desktop\Project\BikerentalWebsite\backend\node_modules\express\lib\router\layer.js:95:5)
    at C:\Users\Lenovo\Desktop\Project\BikerentalWebsite\backend\node_modules\express\lib\router\index.js:284:15
    at Function.process_params (C:\Users\Lenovo\Desktop\Project\BikerentalWebsite\backend\node_modules\express\lib\router\index.js:346:12)
    at next (C:\Users\Lenovo\Desktop\Project\BikerentalWebsite\backend\node_modules\express\lib\router\index.js:280:10)
    at Function.handle (C:\Users\Lenovo\Desktop\Project\BikerentalWebsite\backend\node_modules\express\lib\router\index.js:175:3) 2025-10-11 21:37:54 
error:- [] Please provide all required fields. Error: Please provide all required fields.
    at C:\Users\Lenovo\Desktop\Project\BikerentalWebsite\backend\Controller\newNotificationSchemaController.js:15:17
    at C:\Users\Lenovo\Desktop\Project\BikerentalWebsite\backend\utils\catchAsync.js:3:9
    at Layer.handle [as handle_request] (C:\Users\Lenovo\Desktop\Project\BikerentalWebsite\backend\node_modules\express\lib\router\layer.js:95:5)
    at next (C:\Users\Lenovo\Desktop\Project\BikerentalWebsite\backend\node_modules\express\lib\router\route.js:149:13)
    at Route.dispatch (C:\Users\Lenovo\Desktop\Project\BikerentalWebsite\backend\node_modules\express\lib\router\route.js:119:3)
    at Layer.handle [as handle_request] (C:\Users\Lenovo\Desktop\Project\BikerentalWebsite\backend\node_modules\express\lib\router\layer.js:95:5)
    at C:\Users\Lenovo\Desktop\Project\BikerentalWebsite\backend\node_modules\express\lib\router\index.js:284:15
    at Function.process_params (C:\Users\Lenovo\Desktop\Project\BikerentalWebsite\backend\node_modules\express\lib\router\index.js:346:12)
    at next (C:\Users\Lenovo\Desktop\Project\BikerentalWebsite\backend\node_modules\express\lib\router\index.js:280:10)
    at Function.handle (C:\Users\Lenovo\Desktop\Project\BikerentalWebsite\backend\node_modules\express\lib\router\index.js:175:3) 2025-10-11 21:37:56 
error:- [] Please provide all required fields. Error: Please provide all required fields.
    at C:\Users\Lenovo\Desktop\Project\BikerentalWebsite\backend\Controller\newNotificationSchemaController.js:15:17
    at C:\Users\Lenovo\Desktop\Project\BikerentalWebsite\backend\utils\catchAsync.js:3:9
    at Layer.handle [as handle_request] (C:\Users\Lenovo\Desktop\Project\BikerentalWebsite\backend\node_modules\express\lib\router\layer.js:95:5)
    at next (C:\Users\Lenovo\Desktop\Project\BikerentalWebsite\backend\node_modules\express\lib\router\route.js:149:13)
    at Route.dispatch (C:\Users\Lenovo\Desktop\Project\BikerentalWebsite\backend\node_modules\express\lib\router\route.js:119:3)
    at Layer.handle [as handle_request] (C:\Users\Lenovo\Desktop\Project\BikerentalWebsite\backend\node_modules\express\lib\router\layer.js:95:5)
    at C:\Users\Lenovo\Desktop\Project\BikerentalWebsite\backend\node_modules\express\lib\router\index.js:284:15
    at Function.process_params (C:\Users\Lenovo\Desktop\Project\BikerentalWebsite\backend\node_modules\express\lib\router\index.js:346:12)
    at next (C:\Users\Lenovo\Desktop\Project\BikerentalWebsite\backend\node_modules\express\lib\router\index.js:280:10)
    at Function.handle (C:\Users\Lenovo\Desktop\Project\BikerentalWebsite\backend\node_modules\express\lib\router\index.js:175:3) 2025-10-11 21:37:59 
error:- [] Please provide all required fields. Error: Please provide all required fields.
    at C:\Users\Lenovo\Desktop\Project\BikerentalWebsite\backend\Controller\newNotificationSchemaController.js:15:17
    at C:\Users\Lenovo\Desktop\Project\BikerentalWebsite\backend\utils\catchAsync.js:3:9
    at Layer.handle [as handle_request] (C:\Users\Lenovo\Desktop\Project\BikerentalWebsite\backend\node_modules\express\lib\router\layer.js:95:5)
    at next (C:\Users\Lenovo\Desktop\Project\BikerentalWebsite\backend\node_modules\express\lib\router\route.js:149:13)
    at Route.dispatch (C:\Users\Lenovo\Desktop\Project\BikerentalWebsite\backend\node_modules\express\lib\router\route.js:119:3)
    at Layer.handle [as handle_request] (C:\Users\Lenovo\Desktop\Project\BikerentalWebsite\backend\node_modules\express\lib\router\layer.js:95:5)
    at C:\Users\Lenovo\Desktop\Project\BikerentalWebsite\backend\node_modules\express\lib\router\index.js:284:15
    at Function.process_params (C:\Users\Lenovo\Desktop\Project\BikerentalWebsite\backend\node_modules\express\lib\router\index.js:346:12)
    at next (C:\Users\Lenovo\Desktop\Project\BikerentalWebsite\backend\node_modules\express\lib\router\index.js:280:10)
    at Function.handle (C:\Users\Lenovo\Desktop\Project\BikerentalWebsite\backend\node_modules\express\lib\router\index.js:175:3) 2025-10-11 21:38:03 
error:- [] Please provide all required fields. Error: Please provide all required fields.
    at C:\Users\Lenovo\Desktop\Project\BikerentalWebsite\backend\Controller\newNotificationSchemaController.js:15:17
    at C:\Users\Lenovo\Desktop\Project\BikerentalWebsite\backend\utils\catchAsync.js:3:9
    at Layer.handle [as handle_request] (C:\Users\Lenovo\Desktop\Project\BikerentalWebsite\backend\node_modules\express\lib\router\layer.js:95:5)
    at next (C:\Users\Lenovo\Desktop\Project\BikerentalWebsite\backend\node_modules\express\lib\router\route.js:149:13)
    at Route.dispatch (C:\Users\Lenovo\Desktop\Project\BikerentalWebsite\backend\node_modules\express\lib\router\route.js:119:3)
    at Layer.handle [as handle_request] (C:\Users\Lenovo\Desktop\Project\BikerentalWebsite\backend\node_modules\express\lib\router\layer.js:95:5)
    at C:\Users\Lenovo\Desktop\Project\BikerentalWebsite\backend\node_modules\express\lib\router\index.js:284:15
    at Function.process_params (C:\Users\Lenovo\Desktop\Project\BikerentalWebsite\backend\node_modules\express\lib\router\index.js:346:12)
    at next (C:\Users\Lenovo\Desktop\Project\BikerentalWebsite\backend\node_modules\express\lib\router\index.js:280:10)
    at Function.handle (C:\Users\Lenovo\Desktop\Project\BikerentalWebsite\backend\node_modules\express\lib\router\index.js:175:3) 2025-10-11 21:40:17 
error:- [] Please provide all required fields. Error: Please provide all required fields.
    at C:\Users\Lenovo\Desktop\Project\BikerentalWebsite\backend\Controller\newNotificationSchemaController.js:15:17
    at C:\Users\Lenovo\Desktop\Project\BikerentalWebsite\backend\utils\catchAsync.js:3:9
    at Layer.handle [as handle_request] (C:\Users\Lenovo\Desktop\Project\BikerentalWebsite\backend\node_modules\express\lib\router\layer.js:95:5)
    at next (C:\Users\Lenovo\Desktop\Project\BikerentalWebsite\backend\node_modules\express\lib\router\route.js:149:13)
    at Route.dispatch (C:\Users\Lenovo\Desktop\Project\BikerentalWebsite\backend\node_modules\express\lib\router\route.js:119:3)
    at Layer.handle [as handle_request] (C:\Users\Lenovo\Desktop\Project\BikerentalWebsite\backend\node_modules\express\lib\router\layer.js:95:5)
    at C:\Users\Lenovo\Desktop\Project\BikerentalWebsite\backend\node_modules\express\lib\router\index.js:284:15
    at Function.process_params (C:\Users\Lenovo\Desktop\Project\BikerentalWebsite\backend\node_modules\express\lib\router\index.js:346:12)
    at next (C:\Users\Lenovo\Desktop\Project\BikerentalWebsite\backend\node_modules\express\lib\router\index.js:280:10)
    at Function.handle (C:\Users\Lenovo\Desktop\Project\BikerentalWebsite\backend\node_modules\express\lib\router\index.js:175:3) 2025-10-11 21:40:18 
error:- [] Please provide all required fields. Error: Please provide all required fields.
    at C:\Users\Lenovo\Desktop\Project\BikerentalWebsite\backend\Controller\newNotificationSchemaController.js:15:17
    at C:\Users\Lenovo\Desktop\Project\BikerentalWebsite\backend\utils\catchAsync.js:3:9
    at Layer.handle [as handle_request] (C:\Users\Lenovo\Desktop\Project\BikerentalWebsite\backend\node_modules\express\lib\router\layer.js:95:5)
    at next (C:\Users\Lenovo\Desktop\Project\BikerentalWebsite\backend\node_modules\express\lib\router\route.js:149:13)
    at Route.dispatch (C:\Users\Lenovo\Desktop\Project\BikerentalWebsite\backend\node_modules\express\lib\router\route.js:119:3)
    at Layer.handle [as handle_request] (C:\Users\Lenovo\Desktop\Project\BikerentalWebsite\backend\node_modules\express\lib\router\layer.js:95:5)
    at C:\Users\Lenovo\Desktop\Project\BikerentalWebsite\backend\node_modules\express\lib\router\index.js:284:15
    at Function.process_params (C:\Users\Lenovo\Desktop\Project\BikerentalWebsite\backend\node_modules\express\lib\router\index.js:346:12)
    at next (C:\Users\Lenovo\Desktop\Project\BikerentalWebsite\backend\node_modules\express\lib\router\index.js:280:10)
    at Function.handle (C:\Users\Lenovo\Desktop\Project\BikerentalWebsite\backend\node_modules\express\lib\router\index.js:175:3) 2025-10-11 21:40:20 
error:- [] Please provide all required fields. Error: Please provide all required fields.
    at C:\Users\Lenovo\Desktop\Project\BikerentalWebsite\backend\Controller\newNotificationSchemaController.js:15:17
    at C:\Users\Lenovo\Desktop\Project\BikerentalWebsite\backend\utils\catchAsync.js:3:9
    at Layer.handle [as handle_request] (C:\Users\Lenovo\Desktop\Project\BikerentalWebsite\backend\node_modules\express\lib\router\layer.js:95:5)
    at next (C:\Users\Lenovo\Desktop\Project\BikerentalWebsite\backend\node_modules\express\lib\router\route.js:149:13)
    at Route.dispatch (C:\Users\Lenovo\Desktop\Project\BikerentalWebsite\backend\node_modules\express\lib\router\route.js:119:3)
    at Layer.handle [as handle_request] (C:\Users\Lenovo\Desktop\Project\BikerentalWebsite\backend\node_modules\express\lib\router\layer.js:95:5)
    at C:\Users\Lenovo\Desktop\Project\BikerentalWebsite\backend\node_modules\express\lib\router\index.js:284:15
    at Function.process_params (C:\Users\Lenovo\Desktop\Project\BikerentalWebsite\backend\node_modules\express\lib\router\index.js:346:12)
    at next (C:\Users\Lenovo\Desktop\Project\BikerentalWebsite\backend\node_modules\express\lib\router\index.js:280:10)
    at Function.handle (C:\Users\Lenovo\Desktop\Project\BikerentalWebsite\backend\node_modules\express\lib\router\index.js:175:3) 2025-10-11 21:40:23 
error:- [] Please provide all required fields. Error: Please provide all required fields.
    at C:\Users\Lenovo\Desktop\Project\BikerentalWebsite\backend\Controller\newNotificationSchemaController.js:15:17
    at C:\Users\Lenovo\Desktop\Project\BikerentalWebsite\backend\utils\catchAsync.js:3:9
    at Layer.handle [as handle_request] (C:\Users\Lenovo\Desktop\Project\BikerentalWebsite\backend\node_modules\express\lib\router\layer.js:95:5)
    at next (C:\Users\Lenovo\Desktop\Project\BikerentalWebsite\backend\node_modules\express\lib\router\route.js:149:13)
    at Route.dispatch (C:\Users\Lenovo\Desktop\Project\BikerentalWebsite\backend\node_modules\express\lib\router\route.js:119:3)
    at Layer.handle [as handle_request] (C:\Users\Lenovo\Desktop\Project\BikerentalWebsite\backend\node_modules\express\lib\router\layer.js:95:5)
    at C:\Users\Lenovo\Desktop\Project\BikerentalWebsite\backend\node_modules\express\lib\router\index.js:284:15
    at Function.process_params (C:\Users\Lenovo\Desktop\Project\BikerentalWebsite\backend\node_modules\express\lib\router\index.js:346:12)
    at next (C:\Users\Lenovo\Desktop\Project\BikerentalWebsite\backend\node_modules\express\lib\router\index.js:280:10)
    at Function.handle (C:\Users\Lenovo\Desktop\Project\BikerentalWebsite\backend\node_modules\express\lib\router\index.js:175:3) 2025-10-11 21:40:27 
error:- [] No booking found for this user Error: No booking found for this user
    at C:\Users\Lenovo\Desktop\Project\BikerentalWebsite\backend\Controller\vehicleBookingController.js:310:17
    at process.processTicksAndRejections (node:internal/process/task_queues:95:5) 2025-10-11 22:30:49 
error:- [] No booking found for this user Error: No booking found for this user
    at C:\Users\Lenovo\Desktop\Project\BikerentalWebsite\backend\Controller\vehicleBookingController.js:310:17
    at process.processTicksAndRejections (node:internal/process/task_queues:95:5) 2025-10-11 22:30:53 
error:- [] No booking found for this user Error: No booking found for this user
    at C:\Users\Lenovo\Desktop\Project\BikerentalWebsite\backend\Controller\vehicleBookingController.js:310:17
    at process.processTicksAndRejections (node:internal/process/task_queues:95:5) 2025-10-11 22:30:54 
error:- [] Invalid credentials Error: Invalid credentials
    at C:\Users\Lenovo\Desktop\Project\BikerentalWebsite\backend\Controller\userContoller.js:108:17 2025-10-11 22:56:23 
info:- [] Notification created for user 68e55965d4642d910a78eed4  2025-10-11 23:47:19 
info:- [] Notification created for user 68e55965d4642d910a78eed4  2025-10-11 23:47:21 
info:- [] Notification created for user 68e7c7220e7afb43640ae508  2025-10-12 00:27:20 
info:- [] Notification created for user 68e7c7220e7afb43640ae508  2025-10-12 17:27:09 
info:- [] Notification created for user 68e7c7220e7afb43640ae508  2025-10-12 17:27:12 
info:- [] Notification created for user 68e7c7220e7afb43640ae508  2025-10-12 22:00:40 
info:- [] Notification created for user 68e7c7220e7afb43640ae508  2025-10-12 22:02:14 
info:- [] Notification created for user 68e7c7220e7afb43640ae508  2025-10-12 22:24:20 
error:- [] Plan executor error during findAndModify :: caused by :: E11000 duplicate key error collection: rentalBikeWebsite.vehiclesdatas index: name_1 dup key: { name: "New Vehicle" } MongoServerError: Plan executor error during findAndModify :: caused by :: E11000 duplicate key error collection: rentalBikeWebsite.vehiclesdatas index: name_1 dup key: { name: "New Vehicle" }
    at Connection.sendCommand (C:\Users\Lenovo\Desktop\Project\BikerentalWebsite\backend\node_modules\mongodb\lib\cmap\connection.js:296:27)
    at process.processTicksAndRejections (node:internal/process/task_queues:95:5)
    at async Connection.command (C:\Users\Lenovo\Desktop\Project\BikerentalWebsite\backend\node_modules\mongodb\lib\cmap\connection.js:323:26)
    at async Server.command (C:\Users\Lenovo\Desktop\Project\BikerentalWebsite\backend\node_modules\mongodb\lib\sdam\server.js:170:29)
    at async FindOneAndUpdateOperation.executeCommand (C:\Users\Lenovo\Desktop\Project\BikerentalWebsite\backend\node_modules\mongodb\lib\operations\command.js:76:16)
    at async FindOneAndUpdateOperation.execute (C:\Users\Lenovo\Desktop\Project\BikerentalWebsite\backend\node_modules\mongodb\lib\operations\find_and_modify.js:85:24)
    at async tryOperation (C:\Users\Lenovo\Desktop\Project\BikerentalWebsite\backend\node_modules\mongodb\lib\operations\execute_operation.js:203:20)
    at async executeOperation (C:\Users\Lenovo\Desktop\Project\BikerentalWebsite\backend\node_modules\mongodb\lib\operations\execute_operation.js:73:16)
    at async Collection.findOneAndUpdate (C:\Users\Lenovo\Desktop\Project\BikerentalWebsite\backend\node_modules\mongodb\lib\collection.js:500:16)
    at async model.Query._findOneAndUpdate (C:\Users\Lenovo\Desktop\Project\BikerentalWebsite\backend\node_modules\mongoose\lib\query.js:3459:13) 2025-10-13 21:45:02 
info:- [] Notification created for user 68e7c7220e7afb43640ae508  2025-10-13 21:46:31 
info:- [] Notification created for user 68e7c7220e7afb43640ae508  2025-10-13 22:22:39 
info:- [] Notification created for user 68e7c7220e7afb43640ae508  2025-10-13 22:23:48 
error:- [] Invalid credentials Error: Invalid credentials
    at C:\Users\Lenovo\Desktop\Project\BikerentalWebsite\backend\Controller\userContoller.js:108:17 2025-10-17 19:58:17 
error:- [] Invalid credentials Error: Invalid credentials
    at C:\Users\Lenovo\Desktop\Project\BikerentalWebsite\backend\Controller\userContoller.js:108:17 2025-10-17 19:58:22 
error:- [] No available vehicle in this group for the selected dates Error: No available vehicle in this group for the selected dates
    at C:\Users\Lenovo\Desktop\Project\BikerentalWebsite\backend\Controller\vehicleBookingController.js:83:7
    at process.processTicksAndRejections (node:internal/process/task_queues:95:5) 2025-10-19 09:44:46 
error:- [] BookingDetail validation failed: vehicleDetails.0.filePath: Cast to string failed for value "[]" (type Array) at path "filePath", vehicleDetails.1.filePath: Cast to string failed for value "[]" (type Array) at path "filePath", vehicleDetails.2.filePath: Cast to string failed for value "[]" (type Array) at path "filePath", vehicleDetails.3.filePath: Cast to string failed for value "[ '/uploads/1760200105563-Screenshot 2025-10-11 144443.png' ]" (type Array) at path "filePath", vehicleDetails.4.filePath: Cast to string failed for value "[ '/uploads/1760199726121-Screenshot 2025-10-11 181446.png' ]" (type Array) at path "filePath", vehicleDetails.5.filePath: Cast to string failed for value "[ '/uploads/1760200464018-Screenshot 2025-10-11 100347.png' ]" (type Array) at path "filePath" ValidationError: BookingDetail validation failed: vehicleDetails.0.filePath: Cast to string failed for value "[]" (type Array) at path "filePath", vehicleDetails.1.filePath: Cast to string failed for value "[]" (type Array) at path "filePath", vehicleDetails.2.filePath: Cast to string failed for value "[]" (type Array) at path "filePath", vehicleDetails.3.filePath: Cast to string failed for value "[ '/uploads/1760200105563-Screenshot 2025-10-11 144443.png' ]" (type Array) at path "filePath", vehicleDetails.4.filePath: Cast to string failed for value "[ '/uploads/1760199726121-Screenshot 2025-10-11 181446.png' ]" (type Array) at path "filePath", vehicleDetails.5.filePath: Cast to string failed for value "[ '/uploads/1760200464018-Screenshot 2025-10-11 100347.png' ]" (type Array) at path "filePath"
    at Document.invalidate (C:\Users\Lenovo\Desktop\Project\BikerentalWebsite\backend\node_modules\mongoose\lib\document.js:3334:32)
    at Subdocument.invalidate (C:\Users\Lenovo\Desktop\Project\BikerentalWebsite\backend\node_modules\mongoose\lib\types\subdocument.js:229:12)
    at _init (C:\Users\Lenovo\Desktop\Project\BikerentalWebsite\backend\node_modules\mongoose\lib\document.js:802:18)
    at init (C:\Users\Lenovo\Desktop\Project\BikerentalWebsite\backend\node_modules\mongoose\lib\document.js:749:5)
    at Document.$__init (C:\Users\Lenovo\Desktop\Project\BikerentalWebsite\backend\node_modules\mongoose\lib\document.js:707:3)
    at EmbeddedDocument.syncWrapper [as $__init] (C:\Users\Lenovo\Desktop\Project\BikerentalWebsite\backend\node_modules\kareem\index.js:331:25)
    at Document.init (C:\Users\Lenovo\Desktop\Project\BikerentalWebsite\backend\node_modules\mongoose\lib\document.js:651:8)
    at Document.$init (C:\Users\Lenovo\Desktop\Project\BikerentalWebsite\backend\node_modules\mongoose\lib\document.js:667:42)
    at SchemaDocumentArray.cast (C:\Users\Lenovo\Desktop\Project\BikerentalWebsite\backend\node_modules\mongoose\lib\schema\documentArray.js:481:30)
    at _init (C:\Users\Lenovo\Desktop\Project\BikerentalWebsite\backend\node_modules\mongoose\lib\document.js:799:35) 2025-10-19 10:16:14 
error:- [] BookingDetail validation failed: vehicleDetails.0.filePath: Cast to string failed for value "[]" (type Array) at path "filePath", vehicleDetails.1.filePath: Cast to string failed for value "[]" (type Array) at path "filePath", vehicleDetails.2.filePath: Cast to string failed for value "[]" (type Array) at path "filePath", vehicleDetails.3.filePath: Cast to string failed for value "[ '/uploads/1760200105563-Screenshot 2025-10-11 144443.png' ]" (type Array) at path "filePath", vehicleDetails.4.filePath: Cast to string failed for value "[ '/uploads/1760199726121-Screenshot 2025-10-11 181446.png' ]" (type Array) at path "filePath", vehicleDetails.5.filePath: Cast to string failed for value "[ '/uploads/1760200464018-Screenshot 2025-10-11 100347.png' ]" (type Array) at path "filePath" ValidationError: BookingDetail validation failed: vehicleDetails.0.filePath: Cast to string failed for value "[]" (type Array) at path "filePath", vehicleDetails.1.filePath: Cast to string failed for value "[]" (type Array) at path "filePath", vehicleDetails.2.filePath: Cast to string failed for value "[]" (type Array) at path "filePath", vehicleDetails.3.filePath: Cast to string failed for value "[ '/uploads/1760200105563-Screenshot 2025-10-11 144443.png' ]" (type Array) at path "filePath", vehicleDetails.4.filePath: Cast to string failed for value "[ '/uploads/1760199726121-Screenshot 2025-10-11 181446.png' ]" (type Array) at path "filePath", vehicleDetails.5.filePath: Cast to string failed for value "[ '/uploads/1760200464018-Screenshot 2025-10-11 100347.png' ]" (type Array) at path "filePath"
    at Document.invalidate (C:\Users\Lenovo\Desktop\Project\BikerentalWebsite\backend\node_modules\mongoose\lib\document.js:3334:32)
    at Subdocument.invalidate (C:\Users\Lenovo\Desktop\Project\BikerentalWebsite\backend\node_modules\mongoose\lib\types\subdocument.js:229:12)
    at _init (C:\Users\Lenovo\Desktop\Project\BikerentalWebsite\backend\node_modules\mongoose\lib\document.js:802:18)
    at init (C:\Users\Lenovo\Desktop\Project\BikerentalWebsite\backend\node_modules\mongoose\lib\document.js:749:5)
    at Document.$__init (C:\Users\Lenovo\Desktop\Project\BikerentalWebsite\backend\node_modules\mongoose\lib\document.js:707:3)
    at EmbeddedDocument.syncWrapper [as $__init] (C:\Users\Lenovo\Desktop\Project\BikerentalWebsite\backend\node_modules\kareem\index.js:331:25)
    at Document.init (C:\Users\Lenovo\Desktop\Project\BikerentalWebsite\backend\node_modules\mongoose\lib\document.js:651:8)
    at Document.$init (C:\Users\Lenovo\Desktop\Project\BikerentalWebsite\backend\node_modules\mongoose\lib\document.js:667:42)
    at SchemaDocumentArray.cast (C:\Users\Lenovo\Desktop\Project\BikerentalWebsite\backend\node_modules\mongoose\lib\schema\documentArray.js:481:30)
    at _init (C:\Users\Lenovo\Desktop\Project\BikerentalWebsite\backend\node_modules\mongoose\lib\document.js:799:35) 2025-10-19 10:16:23 
error:- [] BookingDetail validation failed: vehicleDetails.0.filePath: Cast to string failed for value "[]" (type Array) at path "filePath", vehicleDetails.1.filePath: Cast to string failed for value "[]" (type Array) at path "filePath", vehicleDetails.2.filePath: Cast to string failed for value "[]" (type Array) at path "filePath", vehicleDetails.3.filePath: Cast to string failed for value "[ '/uploads/1760200105563-Screenshot 2025-10-11 144443.png' ]" (type Array) at path "filePath", vehicleDetails.4.filePath: Cast to string failed for value "[ '/uploads/1760199726121-Screenshot 2025-10-11 181446.png' ]" (type Array) at path "filePath", vehicleDetails.5.filePath: Cast to string failed for value "[ '/uploads/1760200464018-Screenshot 2025-10-11 100347.png' ]" (type Array) at path "filePath" ValidationError: BookingDetail validation failed: vehicleDetails.0.filePath: Cast to string failed for value "[]" (type Array) at path "filePath", vehicleDetails.1.filePath: Cast to string failed for value "[]" (type Array) at path "filePath", vehicleDetails.2.filePath: Cast to string failed for value "[]" (type Array) at path "filePath", vehicleDetails.3.filePath: Cast to string failed for value "[ '/uploads/1760200105563-Screenshot 2025-10-11 144443.png' ]" (type Array) at path "filePath", vehicleDetails.4.filePath: Cast to string failed for value "[ '/uploads/1760199726121-Screenshot 2025-10-11 181446.png' ]" (type Array) at path "filePath", vehicleDetails.5.filePath: Cast to string failed for value "[ '/uploads/1760200464018-Screenshot 2025-10-11 100347.png' ]" (type Array) at path "filePath"
    at Document.invalidate (C:\Users\Lenovo\Desktop\Project\BikerentalWebsite\backend\node_modules\mongoose\lib\document.js:3334:32)
    at Subdocument.invalidate (C:\Users\Lenovo\Desktop\Project\BikerentalWebsite\backend\node_modules\mongoose\lib\types\subdocument.js:229:12)
    at _init (C:\Users\Lenovo\Desktop\Project\BikerentalWebsite\backend\node_modules\mongoose\lib\document.js:802:18)
    at init (C:\Users\Lenovo\Desktop\Project\BikerentalWebsite\backend\node_modules\mongoose\lib\document.js:749:5)
    at Document.$__init (C:\Users\Lenovo\Desktop\Project\BikerentalWebsite\backend\node_modules\mongoose\lib\document.js:707:3)
    at EmbeddedDocument.syncWrapper [as $__init] (C:\Users\Lenovo\Desktop\Project\BikerentalWebsite\backend\node_modules\kareem\index.js:331:25)
    at Document.init (C:\Users\Lenovo\Desktop\Project\BikerentalWebsite\backend\node_modules\mongoose\lib\document.js:651:8)
    at Document.$init (C:\Users\Lenovo\Desktop\Project\BikerentalWebsite\backend\node_modules\mongoose\lib\document.js:667:42)
    at SchemaDocumentArray.cast (C:\Users\Lenovo\Desktop\Project\BikerentalWebsite\backend\node_modules\mongoose\lib\schema\documentArray.js:481:30)
    at _init (C:\Users\Lenovo\Desktop\Project\BikerentalWebsite\backend\node_modules\mongoose\lib\document.js:799:35) 2025-10-19 10:16:23 
error:- [] BookingDetail validation failed: vehicleDetails.0.filePath: Cast to string failed for value "[]" (type Array) at path "filePath", vehicleDetails.1.filePath: Cast to string failed for value "[]" (type Array) at path "filePath", vehicleDetails.2.filePath: Cast to string failed for value "[]" (type Array) at path "filePath", vehicleDetails.3.filePath: Cast to string failed for value "[ '/uploads/1760200105563-Screenshot 2025-10-11 144443.png' ]" (type Array) at path "filePath", vehicleDetails.4.filePath: Cast to string failed for value "[ '/uploads/1760199726121-Screenshot 2025-10-11 181446.png' ]" (type Array) at path "filePath", vehicleDetails.5.filePath: Cast to string failed for value "[ '/uploads/1760200464018-Screenshot 2025-10-11 100347.png' ]" (type Array) at path "filePath" ValidationError: BookingDetail validation failed: vehicleDetails.0.filePath: Cast to string failed for value "[]" (type Array) at path "filePath", vehicleDetails.1.filePath: Cast to string failed for value "[]" (type Array) at path "filePath", vehicleDetails.2.filePath: Cast to string failed for value "[]" (type Array) at path "filePath", vehicleDetails.3.filePath: Cast to string failed for value "[ '/uploads/1760200105563-Screenshot 2025-10-11 144443.png' ]" (type Array) at path "filePath", vehicleDetails.4.filePath: Cast to string failed for value "[ '/uploads/1760199726121-Screenshot 2025-10-11 181446.png' ]" (type Array) at path "filePath", vehicleDetails.5.filePath: Cast to string failed for value "[ '/uploads/1760200464018-Screenshot 2025-10-11 100347.png' ]" (type Array) at path "filePath"
    at Document.invalidate (C:\Users\Lenovo\Desktop\Project\BikerentalWebsite\backend\node_modules\mongoose\lib\document.js:3334:32)
    at Subdocument.invalidate (C:\Users\Lenovo\Desktop\Project\BikerentalWebsite\backend\node_modules\mongoose\lib\types\subdocument.js:229:12)
    at _init (C:\Users\Lenovo\Desktop\Project\BikerentalWebsite\backend\node_modules\mongoose\lib\document.js:802:18)
    at init (C:\Users\Lenovo\Desktop\Project\BikerentalWebsite\backend\node_modules\mongoose\lib\document.js:749:5)
    at Document.$__init (C:\Users\Lenovo\Desktop\Project\BikerentalWebsite\backend\node_modules\mongoose\lib\document.js:707:3)
    at EmbeddedDocument.syncWrapper [as $__init] (C:\Users\Lenovo\Desktop\Project\BikerentalWebsite\backend\node_modules\kareem\index.js:331:25)
    at Document.init (C:\Users\Lenovo\Desktop\Project\BikerentalWebsite\backend\node_modules\mongoose\lib\document.js:651:8)
    at Document.$init (C:\Users\Lenovo\Desktop\Project\BikerentalWebsite\backend\node_modules\mongoose\lib\document.js:667:42)
    at SchemaDocumentArray.cast (C:\Users\Lenovo\Desktop\Project\BikerentalWebsite\backend\node_modules\mongoose\lib\schema\documentArray.js:481:30)
    at _init (C:\Users\Lenovo\Desktop\Project\BikerentalWebsite\backend\node_modules\mongoose\lib\document.js:799:35) 2025-10-19 10:16:43 
error:- [] BookingDetail validation failed: vehicleDetails.0.filePath: Cast to string failed for value "[]" (type Array) at path "filePath", vehicleDetails.1.filePath: Cast to string failed for value "[]" (type Array) at path "filePath", vehicleDetails.2.filePath: Cast to string failed for value "[]" (type Array) at path "filePath", vehicleDetails.3.filePath: Cast to string failed for value "[ '/uploads/1760200105563-Screenshot 2025-10-11 144443.png' ]" (type Array) at path "filePath", vehicleDetails.4.filePath: Cast to string failed for value "[ '/uploads/1760199726121-Screenshot 2025-10-11 181446.png' ]" (type Array) at path "filePath", vehicleDetails.5.filePath: Cast to string failed for value "[ '/uploads/1760200464018-Screenshot 2025-10-11 100347.png' ]" (type Array) at path "filePath" ValidationError: BookingDetail validation failed: vehicleDetails.0.filePath: Cast to string failed for value "[]" (type Array) at path "filePath", vehicleDetails.1.filePath: Cast to string failed for value "[]" (type Array) at path "filePath", vehicleDetails.2.filePath: Cast to string failed for value "[]" (type Array) at path "filePath", vehicleDetails.3.filePath: Cast to string failed for value "[ '/uploads/1760200105563-Screenshot 2025-10-11 144443.png' ]" (type Array) at path "filePath", vehicleDetails.4.filePath: Cast to string failed for value "[ '/uploads/1760199726121-Screenshot 2025-10-11 181446.png' ]" (type Array) at path "filePath", vehicleDetails.5.filePath: Cast to string failed for value "[ '/uploads/1760200464018-Screenshot 2025-10-11 100347.png' ]" (type Array) at path "filePath"
    at Document.invalidate (C:\Users\Lenovo\Desktop\Project\BikerentalWebsite\backend\node_modules\mongoose\lib\document.js:3334:32)
    at Subdocument.invalidate (C:\Users\Lenovo\Desktop\Project\BikerentalWebsite\backend\node_modules\mongoose\lib\types\subdocument.js:229:12)
    at _init (C:\Users\Lenovo\Desktop\Project\BikerentalWebsite\backend\node_modules\mongoose\lib\document.js:802:18)
    at init (C:\Users\Lenovo\Desktop\Project\BikerentalWebsite\backend\node_modules\mongoose\lib\document.js:749:5)
    at Document.$__init (C:\Users\Lenovo\Desktop\Project\BikerentalWebsite\backend\node_modules\mongoose\lib\document.js:707:3)
    at EmbeddedDocument.syncWrapper [as $__init] (C:\Users\Lenovo\Desktop\Project\BikerentalWebsite\backend\node_modules\kareem\index.js:331:25)
    at Document.init (C:\Users\Lenovo\Desktop\Project\BikerentalWebsite\backend\node_modules\mongoose\lib\document.js:651:8)
    at Document.$init (C:\Users\Lenovo\Desktop\Project\BikerentalWebsite\backend\node_modules\mongoose\lib\document.js:667:42)
    at SchemaDocumentArray.cast (C:\Users\Lenovo\Desktop\Project\BikerentalWebsite\backend\node_modules\mongoose\lib\schema\documentArray.js:481:30)
    at _init (C:\Users\Lenovo\Desktop\Project\BikerentalWebsite\backend\node_modules\mongoose\lib\document.js:799:35) 2025-10-19 10:17:59 
error:- [] Unauthorized access: admin privileges required. Error: Unauthorized access: admin privileges required.
    at C:\Users\Lenovo\Desktop\Project\BikerentalWebsite\backend\Controller\vehicleController.js:383:7
    at C:\Users\Lenovo\Desktop\Project\BikerentalWebsite\backend\utils\catchAsync.js:3:9
    at Layer.handle [as handle_request] (C:\Users\Lenovo\Desktop\Project\BikerentalWebsite\backend\node_modules\express\lib\router\layer.js:95:5)
    at next (C:\Users\Lenovo\Desktop\Project\BikerentalWebsite\backend\node_modules\express\lib\router\route.js:149:13)
    at verifyToken (C:\Users\Lenovo\Desktop\Project\BikerentalWebsite\backend\utils\verifyToken.js:31:5)
    at process.processTicksAndRejections (node:internal/process/task_queues:95:5) 2025-10-19 10:27:51 
error:- [] sendMailToQueue is not a function TypeError: sendMailToQueue is not a function
    at C:\Users\Lenovo\Desktop\Project\BikerentalWebsite\backend\Controller\vehicleController.js:424:9
    at process.processTicksAndRejections (node:internal/process/task_queues:95:5) 2025-10-19 10:35:19 
error:- [] sendMailToQueue is not a function TypeError: sendMailToQueue is not a function
    at C:\Users\Lenovo\Desktop\Project\BikerentalWebsite\backend\Controller\vehicleController.js:424:9
    at process.processTicksAndRejections (node:internal/process/task_queues:95:5) 2025-10-19 10:35:32 
error:- [] sendMailToQueue is not a function TypeError: sendMailToQueue is not a function
    at C:\Users\Lenovo\Desktop\Project\BikerentalWebsite\backend\Controller\vehicleController.js:424:9
    at process.processTicksAndRejections (node:internal/process/task_queues:95:5) 2025-10-19 10:36:21 
error:- [] sendMailToQueue is not a function TypeError: sendMailToQueue is not a function
    at C:\Users\Lenovo\Desktop\Project\BikerentalWebsite\backend\Controller\vehicleController.js:424:9
    at process.processTicksAndRejections (node:internal/process/task_queues:95:5) 2025-10-19 10:37:47 
info:- [] Notification created for user 68e7c7220e7afb43640ae508  2025-10-19 10:40:43 
info:- [] Notification created for user 68e7c7220e7afb43640ae508  2025-10-19 10:40:55 
error:- [] Cannot add new booking, existing booking is confirmed Error: Cannot add new booking, existing booking is confirmed
    at C:\Users\Lenovo\Desktop\Project\BikerentalWebsite\backend\Controller\vehicleBookingController.js:146:9
    at process.processTicksAndRejections (node:internal/process/task_queues:95:5) 2025-10-19 10:42:02 
error:- [] Select the Vehicle Image  Error: Select the Vehicle Image 
    at C:\Users\Lenovo\Desktop\Project\BikerentalWebsite\backend\Controller\vehicleController.js:80:17
    at process.processTicksAndRejections (node:internal/process/task_queues:95:5) 2025-10-19 10:43:19 
info:- [] Notification created for user 68e7c7220e7afb43640ae508  2025-10-19 10:44:43 
error:- [] Select the Vehicle Image  Error: Select the Vehicle Image 
    at C:\Users\Lenovo\Desktop\Project\BikerentalWebsite\backend\Controller\vehicleController.js:84:17
    at process.processTicksAndRejections (node:internal/process/task_queues:95:5) 2025-10-19 10:45:50 
error:- [] Select the Vehicle Image  Error: Select the Vehicle Image 
    at C:\Users\Lenovo\Desktop\Project\BikerentalWebsite\backend\Controller\vehicleController.js:84:17
    at process.processTicksAndRejections (node:internal/process/task_queues:95:5) 2025-10-19 10:46:48 
error:- [] Select the Vehicle Image  Error: Select the Vehicle Image 
    at C:\Users\Lenovo\Desktop\Project\BikerentalWebsite\backend\Controller\vehicleController.js:84:17
    at process.processTicksAndRejections (node:internal/process/task_queues:95:5) 2025-10-19 10:47:09 
error:- [] Select the Vehicle Image  Error: Select the Vehicle Image 
    at C:\Users\Lenovo\Desktop\Project\BikerentalWebsite\backend\Controller\vehicleController.js:84:17
    at process.processTicksAndRejections (node:internal/process/task_queues:95:5) 2025-10-19 10:47:24 
error:- [] Select the Vehicle Image  Error: Select the Vehicle Image 
    at C:\Users\Lenovo\Desktop\Project\BikerentalWebsite\backend\Controller\vehicleController.js:84:17
    at process.processTicksAndRejections (node:internal/process/task_queues:95:5) 2025-10-19 10:48:00 
info:- [] Notification created for user 68e7c7220e7afb43640ae508  2025-10-19 10:48:12 
info:- [] Notification created for user 68e7c7220e7afb43640ae508  2025-10-19 10:49:13 
error:- [] Validation failed: specificVehicleDetails.0.notAvailableReason: `zxccxcxcxcxcxcxcxccxxcxcxcxcxc` is not a valid enum value for path `notAvailableReason`. ValidationError: Validation failed: specificVehicleDetails.0.notAvailableReason: `zxccxcxcxcxcxcxcxccxxcxcxcxcxc` is not a valid enum value for path `notAvailableReason`.
    at _done (C:\Users\Lenovo\Desktop\Project\BikerentalWebsite\backend\node_modules\mongoose\lib\helpers\updateValidators.js:228:19)
    at C:\Users\Lenovo\Desktop\Project\BikerentalWebsite\backend\node_modules\mongoose\lib\helpers\updateValidators.js:204:11
    at schemaPath.doValidate.updateValidator (C:\Users\Lenovo\Desktop\Project\BikerentalWebsite\backend\node_modules\mongoose\lib\helpers\updateValidators.js:162:13)
    at C:\Users\Lenovo\Desktop\Project\BikerentalWebsite\backend\node_modules\mongoose\lib\schemaType.js:1399:11
    at process.processTicksAndRejections (node:internal/process/task_queues:77:11) 2025-10-19 10:51:45 
error:- [] Validation failed: specificVehicleDetails.0.notAvailableReason: `Hey, Maintanence` is not a valid enum value for path `notAvailableReason`. ValidationError: Validation failed: specificVehicleDetails.0.notAvailableReason: `Hey, Maintanence` is not a valid enum value for path `notAvailableReason`.
    at _done (C:\Users\Lenovo\Desktop\Project\BikerentalWebsite\backend\node_modules\mongoose\lib\helpers\updateValidators.js:228:19)
    at C:\Users\Lenovo\Desktop\Project\BikerentalWebsite\backend\node_modules\mongoose\lib\helpers\updateValidators.js:204:11
    at schemaPath.doValidate.updateValidator (C:\Users\Lenovo\Desktop\Project\BikerentalWebsite\backend\node_modules\mongoose\lib\helpers\updateValidators.js:162:13)
    at C:\Users\Lenovo\Desktop\Project\BikerentalWebsite\backend\node_modules\mongoose\lib\schemaType.js:1399:11
    at process.processTicksAndRejections (node:internal/process/task_queues:77:11) 2025-10-19 10:53:50 
info:- [] Notification created for user 68e7c7220e7afb43640ae508  2025-10-19 10:55:51 
error:- [] Cannot add new booking, existing booking is confirmed Error: Cannot add new booking, existing booking is confirmed
    at C:\Users\Lenovo\Desktop\Project\BikerentalWebsite\backend\Controller\vehicleBookingController.js:146:9
    at process.processTicksAndRejections (node:internal/process/task_queues:95:5) 2025-10-19 10:59:56 
error:- [] userId is not defined ReferenceError: userId is not defined
    at C:\Users\Lenovo\Desktop\Project\BikerentalWebsite\backend\Controller\vehicleBookingController.js:276:26
    at process.processTicksAndRejections (node:internal/process/task_queues:95:5) 2025-10-19 11:04:26 
error:- [] email is not defined ReferenceError: email is not defined
    at C:\Users\Lenovo\Desktop\Project\BikerentalWebsite\backend\Controller\vehicleBookingController.js:233:45
    at C:\Users\Lenovo\Desktop\Project\BikerentalWebsite\backend\utils\catchAsync.js:3:9
    at Layer.handle [as handle_request] (C:\Users\Lenovo\Desktop\Project\BikerentalWebsite\backend\node_modules\express\lib\router\layer.js:95:5)
    at next (C:\Users\Lenovo\Desktop\Project\BikerentalWebsite\backend\node_modules\express\lib\router\route.js:149:13)
    at verifyToken (C:\Users\Lenovo\Desktop\Project\BikerentalWebsite\backend\utils\verifyToken.js:31:5)
    at process.processTicksAndRejections (node:internal/process/task_queues:95:5) 2025-10-19 11:08:20 
error:- [] userId is not defined ReferenceError: userId is not defined
    at C:\Users\Lenovo\Desktop\Project\BikerentalWebsite\backend\Controller\vehicleBookingController.js:278:26
    at process.processTicksAndRejections (node:internal/process/task_queues:95:5) 2025-10-19 11:08:52 
info:- [] Notification created for user 68e7c7220e7afb43640ae508  2025-10-19 11:16:13 
info:- [] Notification created for user 68e7c7220e7afb43640ae508  2025-10-19 11:17:39 
info:- [] Notification created for user 68e7c7220e7afb43640ae508  2025-10-19 11:17:49 
info:- [] Notification created for user 68e7c7220e7afb43640ae508  2025-10-19 11:18:37 
info:- [] Notification created for user 68e7c7220e7afb43640ae508  2025-10-19 11:20:10 
info:- [] Notification created for user 68e7c7220e7afb43640ae508  2025-10-19 11:20:21 
info:- [] Notification created for user 68e7c7220e7afb43640ae508  2025-10-19 11:21:49 
info:- [] Notification created for user 68e7c7220e7afb43640ae508  2025-10-19 11:21:50 
info:- [] Notification created for user 68e7c7220e7afb43640ae508  2025-10-19 11:21:52 
info:- [] Notification created for user 68e7c7220e7afb43640ae508  2025-10-19 11:21:53 
info:- [] Notification created for user 68e7c7220e7afb43640ae508  2025-10-19 11:21:57 
info:- [] Notification created for user 68e7c7220e7afb43640ae508  2025-10-19 11:21:57 
info:- [] Notification created for user 68e7c7220e7afb43640ae508  2025-10-19 11:22:39 
info:- [] Notification created for user 68e55965d4642d910a78eed4  2025-10-19 11:24:20 
info:- [] Notification created for user 68e55965d4642d910a78eed4  2025-10-19 11:24:21 
info:- [] Notification created for user 68e55965d4642d910a78eed4  2025-10-19 11:24:21 
info:- [] Notification created for user 68e55965d4642d910a78eed4  2025-10-19 11:28:22 
info:- [] Notification created for user 68e55965d4642d910a78eed4  2025-10-19 11:28:51 
